{"C:\\Users\\HP\\Documents\\ETNA\\Bachelor\\group-1038054\\PLI-API\\src\\services\\Users.service.ts": {"path":"C:\\Users\\HP\\Documents\\ETNA\\Bachelor\\group-1038054\\PLI-API\\src\\services\\Users.service.ts","statementMap":{"0":{"start":{"line":4,"column":25},"end":{"line":4,"column":50}},"1":{"start":{"line":6,"column":15},"end":{"line":6,"column":33}},"2":{"start":{"line":7,"column":15},"end":{"line":7,"column":32}},"3":{"start":{"line":9,"column":12},"end":{"line":9,"column":35}},"4":{"start":{"line":12,"column":2},"end":{"line":59,"column":null}},"5":{"start":{"line":13,"column":24},"end":{"line":13,"column":32}},"6":{"start":{"line":14,"column":17},"end":{"line":14,"column":54}},"7":{"start":{"line":16,"column":24},"end":{"line":25,"column":6}},"8":{"start":{"line":27,"column":18},"end":{"line":35,"column":null}},"9":{"start":{"line":37,"column":19},"end":{"line":49,"column":6}},"10":{"start":{"line":51,"column":4},"end":{"line":51,"column":33}},"11":{"start":{"line":52,"column":4},"end":{"line":52,"column":18}},"12":{"start":{"line":54,"column":4},"end":{"line":56,"column":null}},"13":{"start":{"line":55,"column":6},"end":{"line":55,"column":71}},"14":{"start":{"line":57,"column":4},"end":{"line":57,"column":85}},"15":{"start":{"line":11,"column":0},"end":{"line":11,"column":22}},"16":{"start":{"line":63,"column":2},"end":{"line":96,"column":null}},"17":{"start":{"line":64,"column":15},"end":{"line":64,"column":38}},"18":{"start":{"line":65,"column":31},"end":{"line":65,"column":39}},"19":{"start":{"line":66,"column":4},"end":{"line":68,"column":null}},"20":{"start":{"line":67,"column":6},"end":{"line":67,"column":134}},"21":{"start":{"line":69,"column":4},"end":{"line":71,"column":null}},"22":{"start":{"line":70,"column":6},"end":{"line":70,"column":114}},"23":{"start":{"line":72,"column":17},"end":{"line":74,"column":6}},"24":{"start":{"line":76,"column":4},"end":{"line":78,"column":null}},"25":{"start":{"line":77,"column":6},"end":{"line":77,"column":49}},"26":{"start":{"line":79,"column":28},"end":{"line":79,"column":79}},"27":{"start":{"line":81,"column":4},"end":{"line":83,"column":null}},"28":{"start":{"line":82,"column":6},"end":{"line":82,"column":63}},"29":{"start":{"line":84,"column":30},"end":{"line":84,"column":71}},"30":{"start":{"line":85,"column":4},"end":{"line":90,"column":7}},"31":{"start":{"line":92,"column":4},"end":{"line":92,"column":65}},"32":{"start":{"line":94,"column":4},"end":{"line":94,"column":75}},"33":{"start":{"line":95,"column":4},"end":{"line":95,"column":92}},"34":{"start":{"line":62,"column":0},"end":{"line":62,"column":22}},"35":{"start":{"line":103,"column":2},"end":{"line":137,"column":null}},"36":{"start":{"line":104,"column":15},"end":{"line":104,"column":38}},"37":{"start":{"line":105,"column":24},"end":{"line":105,"column":32}},"38":{"start":{"line":108,"column":4},"end":{"line":110,"column":null}},"39":{"start":{"line":109,"column":6},"end":{"line":109,"column":51}},"40":{"start":{"line":112,"column":25},"end":{"line":112,"column":72}},"41":{"start":{"line":113,"column":4},"end":{"line":115,"column":null}},"42":{"start":{"line":114,"column":6},"end":{"line":114,"column":52}},"43":{"start":{"line":116,"column":4},"end":{"line":126,"column":7}},"44":{"start":{"line":128,"column":24},"end":{"line":128,"column":71}},"45":{"start":{"line":129,"column":4},"end":{"line":129,"column":38}},"46":{"start":{"line":132,"column":4},"end":{"line":134,"column":null}},"47":{"start":{"line":133,"column":6},"end":{"line":133,"column":71}},"48":{"start":{"line":135,"column":4},"end":{"line":135,"column":49}},"49":{"start":{"line":136,"column":4},"end":{"line":136,"column":85}},"50":{"start":{"line":102,"column":0},"end":{"line":102,"column":22}},"51":{"start":{"line":142,"column":4},"end":{"line":150,"column":null}},"52":{"start":{"line":143,"column":17},"end":{"line":143,"column":40}},"53":{"start":{"line":144,"column":6},"end":{"line":146,"column":9}},"54":{"start":{"line":147,"column":6},"end":{"line":147,"column":30}},"55":{"start":{"line":149,"column":6},"end":{"line":149,"column":34}},"56":{"start":{"line":141,"column":0},"end":{"line":141,"column":22}},"57":{"start":{"line":154,"column":4},"end":{"line":176,"column":null}},"58":{"start":{"line":155,"column":21},"end":{"line":155,"column":44}},"59":{"start":{"line":156,"column":34},"end":{"line":156,"column":42}},"60":{"start":{"line":158,"column":6},"end":{"line":160,"column":null}},"61":{"start":{"line":159,"column":8},"end":{"line":159,"column":83}},"62":{"start":{"line":161,"column":25},"end":{"line":161,"column":70}},"63":{"start":{"line":162,"column":23},"end":{"line":162,"column":56}},"64":{"start":{"line":164,"column":26},"end":{"line":170,"column":8}},"65":{"start":{"line":172,"column":6},"end":{"line":172,"column":115}},"66":{"start":{"line":174,"column":6},"end":{"line":174,"column":63}},"67":{"start":{"line":175,"column":6},"end":{"line":175,"column":92}},"68":{"start":{"line":153,"column":2},"end":{"line":153,"column":24}},"69":{"start":{"line":182,"column":4},"end":{"line":199,"column":null}},"70":{"start":{"line":183,"column":21},"end":{"line":183,"column":44}},"71":{"start":{"line":184,"column":19},"end":{"line":190,"column":8}},"72":{"start":{"line":192,"column":6},"end":{"line":195,"column":null}},"73":{"start":{"line":193,"column":8},"end":{"line":193,"column":38}},"74":{"start":{"line":194,"column":8},"end":{"line":194,"column":50}},"75":{"start":{"line":198,"column":6},"end":{"line":198,"column":94}},"76":{"start":{"line":181,"column":2},"end":{"line":181,"column":24}}},"fnMap":{"0":{"name":"createUser","decl":{"start":{"line":11,"column":22},"end":{"line":11,"column":32}},"loc":{"start":{"line":11,"column":60},"end":{"line":60,"column":null}}},"1":{"name":"updatePass","decl":{"start":{"line":62,"column":22},"end":{"line":62,"column":32}},"loc":{"start":{"line":62,"column":60},"end":{"line":97,"column":null}}},"2":{"name":"updateUser","decl":{"start":{"line":102,"column":22},"end":{"line":102,"column":32}},"loc":{"start":{"line":102,"column":60},"end":{"line":138,"column":null}}},"3":{"name":"deleteUser","decl":{"start":{"line":141,"column":22},"end":{"line":141,"column":32}},"loc":{"start":{"line":141,"column":60},"end":{"line":151,"column":null}}},"4":{"name":"uploadProfilePicture","decl":{"start":{"line":153,"column":24},"end":{"line":153,"column":44}},"loc":{"start":{"line":153,"column":72},"end":{"line":177,"column":null}}},"5":{"name":"getProfilePicture","decl":{"start":{"line":181,"column":24},"end":{"line":181,"column":41}},"loc":{"start":{"line":181,"column":69},"end":{"line":200,"column":null}}}},"branchMap":{"0":{"loc":{"start":{"line":54,"column":4},"end":{"line":56,"column":null}},"type":"if","locations":[{"start":{"line":54,"column":4},"end":{"line":56,"column":null}}]},"1":{"loc":{"start":{"line":54,"column":8},"end":{"line":54,"column":73}},"type":"binary-expr","locations":[{"start":{"line":54,"column":8},"end":{"line":54,"column":30}},{"start":{"line":54,"column":34},"end":{"line":54,"column":71}}]},"2":{"loc":{"start":{"line":54,"column":34},"end":{"line":54,"column":71}},"type":"cond-expr","locations":[{"start":{"line":54,"column":52},"end":{"line":54,"column":54}},{"start":{"line":54,"column":52},"end":{"line":54,"column":71}}]},"3":{"loc":{"start":{"line":54,"column":34},"end":{"line":54,"column":54}},"type":"binary-expr","locations":[{"start":{"line":54,"column":34},"end":{"line":54,"column":54}},{"start":{"line":54,"column":52},"end":{"line":54,"column":54}}]},"4":{"loc":{"start":{"line":54,"column":34},"end":{"line":54,"column":52}},"type":"cond-expr","locations":[{"start":{"line":54,"column":44},"end":{"line":54,"column":46}},{"start":{"line":54,"column":44},"end":{"line":54,"column":52}}]},"5":{"loc":{"start":{"line":54,"column":34},"end":{"line":54,"column":46}},"type":"binary-expr","locations":[{"start":{"line":54,"column":34},"end":{"line":54,"column":46}},{"start":{"line":54,"column":44},"end":{"line":54,"column":46}}]},"6":{"loc":{"start":{"line":66,"column":4},"end":{"line":68,"column":null}},"type":"if","locations":[{"start":{"line":66,"column":4},"end":{"line":68,"column":null}}]},"7":{"loc":{"start":{"line":66,"column":8},"end":{"line":66,"column":72}},"type":"binary-expr","locations":[{"start":{"line":66,"column":8},"end":{"line":66,"column":23}},{"start":{"line":66,"column":27},"end":{"line":66,"column":46}},{"start":{"line":66,"column":50},"end":{"line":66,"column":72}}]},"8":{"loc":{"start":{"line":69,"column":4},"end":{"line":71,"column":null}},"type":"if","locations":[{"start":{"line":69,"column":4},"end":{"line":71,"column":null}}]},"9":{"loc":{"start":{"line":76,"column":4},"end":{"line":78,"column":null}},"type":"if","locations":[{"start":{"line":76,"column":4},"end":{"line":78,"column":null}}]},"10":{"loc":{"start":{"line":81,"column":4},"end":{"line":83,"column":null}},"type":"if","locations":[{"start":{"line":81,"column":4},"end":{"line":83,"column":null}}]},"11":{"loc":{"start":{"line":108,"column":4},"end":{"line":110,"column":null}},"type":"if","locations":[{"start":{"line":108,"column":4},"end":{"line":110,"column":null}}]},"12":{"loc":{"start":{"line":113,"column":4},"end":{"line":115,"column":null}},"type":"if","locations":[{"start":{"line":113,"column":4},"end":{"line":115,"column":null}}]},"13":{"loc":{"start":{"line":118,"column":18},"end":{"line":118,"column":57}},"type":"binary-expr","locations":[{"start":{"line":118,"column":18},"end":{"line":118,"column":32}},{"start":{"line":118,"column":36},"end":{"line":118,"column":57}}]},"14":{"loc":{"start":{"line":119,"column":19},"end":{"line":119,"column":60}},"type":"binary-expr","locations":[{"start":{"line":119,"column":19},"end":{"line":119,"column":34}},{"start":{"line":119,"column":38},"end":{"line":119,"column":60}}]},"15":{"loc":{"start":{"line":120,"column":15},"end":{"line":120,"column":48}},"type":"binary-expr","locations":[{"start":{"line":120,"column":15},"end":{"line":120,"column":26}},{"start":{"line":120,"column":30},"end":{"line":120,"column":48}}]},"16":{"loc":{"start":{"line":121,"column":18},"end":{"line":121,"column":35}},"type":"binary-expr","locations":[{"start":{"line":121,"column":18},"end":{"line":121,"column":22}},{"start":{"line":121,"column":26},"end":{"line":121,"column":35}}]},"17":{"loc":{"start":{"line":122,"column":17},"end":{"line":122,"column":54}},"type":"binary-expr","locations":[{"start":{"line":122,"column":17},"end":{"line":122,"column":30}},{"start":{"line":122,"column":34},"end":{"line":122,"column":54}}]},"18":{"loc":{"start":{"line":123,"column":13},"end":{"line":123,"column":41}},"type":"binary-expr","locations":[{"start":{"line":123,"column":13},"end":{"line":123,"column":22}},{"start":{"line":123,"column":25},"end":{"line":123,"column":41}}]},"19":{"loc":{"start":{"line":132,"column":4},"end":{"line":134,"column":null}},"type":"if","locations":[{"start":{"line":132,"column":4},"end":{"line":134,"column":null}}]},"20":{"loc":{"start":{"line":132,"column":8},"end":{"line":132,"column":73}},"type":"binary-expr","locations":[{"start":{"line":132,"column":8},"end":{"line":132,"column":30}},{"start":{"line":132,"column":34},"end":{"line":132,"column":71}}]},"21":{"loc":{"start":{"line":132,"column":34},"end":{"line":132,"column":71}},"type":"cond-expr","locations":[{"start":{"line":132,"column":52},"end":{"line":132,"column":54}},{"start":{"line":132,"column":52},"end":{"line":132,"column":71}}]},"22":{"loc":{"start":{"line":132,"column":34},"end":{"line":132,"column":54}},"type":"binary-expr","locations":[{"start":{"line":132,"column":34},"end":{"line":132,"column":54}},{"start":{"line":132,"column":52},"end":{"line":132,"column":54}}]},"23":{"loc":{"start":{"line":132,"column":34},"end":{"line":132,"column":52}},"type":"cond-expr","locations":[{"start":{"line":132,"column":44},"end":{"line":132,"column":46}},{"start":{"line":132,"column":44},"end":{"line":132,"column":52}}]},"24":{"loc":{"start":{"line":132,"column":34},"end":{"line":132,"column":46}},"type":"binary-expr","locations":[{"start":{"line":132,"column":34},"end":{"line":132,"column":46}},{"start":{"line":132,"column":44},"end":{"line":132,"column":46}}]},"25":{"loc":{"start":{"line":158,"column":6},"end":{"line":160,"column":null}},"type":"if","locations":[{"start":{"line":158,"column":6},"end":{"line":160,"column":null}}]},"26":{"loc":{"start":{"line":158,"column":10},"end":{"line":158,"column":29}},"type":"binary-expr","locations":[{"start":{"line":158,"column":10},"end":{"line":158,"column":16}},{"start":{"line":158,"column":20},"end":{"line":158,"column":29}}]},"27":{"loc":{"start":{"line":192,"column":6},"end":{"line":195,"column":null}},"type":"if","locations":[{"start":{"line":192,"column":6},"end":{"line":195,"column":null}}]},"28":{"loc":{"start":{"line":192,"column":10},"end":{"line":192,"column":38}},"type":"binary-expr","locations":[{"start":{"line":192,"column":10},"end":{"line":192,"column":19}},{"start":{"line":192,"column":23},"end":{"line":192,"column":36}}]},"29":{"loc":{"start":{"line":192,"column":10},"end":{"line":192,"column":19}},"type":"cond-expr","locations":[{"start":{"line":192,"column":14},"end":{"line":192,"column":16}},{"start":{"line":192,"column":10},"end":{"line":192,"column":19}}]},"30":{"loc":{"start":{"line":192,"column":10},"end":{"line":192,"column":16}},"type":"binary-expr","locations":[{"start":{"line":192,"column":10},"end":{"line":192,"column":16}},{"start":{"line":192,"column":10},"end":{"line":192,"column":16}}]},"31":{"loc":{"start":{"line":192,"column":23},"end":{"line":192,"column":36}},"type":"cond-expr","locations":[{"start":{"line":192,"column":27},"end":{"line":192,"column":29}},{"start":{"line":192,"column":23},"end":{"line":192,"column":36}}]},"32":{"loc":{"start":{"line":192,"column":23},"end":{"line":192,"column":29}},"type":"binary-expr","locations":[{"start":{"line":192,"column":23},"end":{"line":192,"column":29}},{"start":{"line":192,"column":23},"end":{"line":192,"column":29}}]}},"s":{"0":1,"1":1,"2":1,"3":1,"4":2,"5":2,"6":2,"7":1,"8":1,"9":1,"10":1,"11":1,"12":1,"13":0,"14":1,"15":1,"16":1,"17":1,"18":1,"19":1,"20":0,"21":1,"22":0,"23":1,"24":1,"25":1,"26":0,"27":0,"28":0,"29":0,"30":0,"31":0,"32":0,"33":0,"34":1,"35":1,"36":1,"37":1,"38":1,"39":0,"40":1,"41":1,"42":1,"43":0,"44":0,"45":0,"46":0,"47":0,"48":0,"49":0,"50":1,"51":0,"52":0,"53":0,"54":0,"55":0,"56":1,"57":1,"58":1,"59":1,"60":1,"61":1,"62":0,"63":0,"64":0,"65":0,"66":0,"67":0,"68":1,"69":3,"70":3,"71":3,"72":2,"73":1,"74":1,"75":1,"76":1},"f":{"0":2,"1":1,"2":1,"3":0,"4":1,"5":3},"b":{"0":[0],"1":[1,0],"2":[0,0],"3":[0,0],"4":[0,0],"5":[0,0],"6":[0],"7":[1,1,1],"8":[0],"9":[1],"10":[0],"11":[0],"12":[1],"13":[0,0],"14":[0,0],"15":[0,0],"16":[0,0],"17":[0,0],"18":[0,0],"19":[0],"20":[0,0],"21":[0,0],"22":[0,0],"23":[0,0],"24":[0,0],"25":[1],"26":[1,0],"27":[1],"28":[2,1],"29":[1,1],"30":[2,1],"31":[0,1],"32":[1,1]}}
}
