TN:
SF:src\services\Users.service.ts
FN:11,createUser
FN:62,updatePass
FN:102,updateUser
FN:141,deleteUser
FN:153,uploadProfilePicture
FN:181,getProfilePicture
FNF:6
FNH:5
FNDA:2,createUser
FNDA:1,updatePass
FNDA:1,updateUser
FNDA:0,deleteUser
FNDA:1,uploadProfilePicture
FNDA:3,getProfilePicture
DA:4,1
DA:6,1
DA:7,1
DA:9,1
DA:11,1
DA:12,2
DA:13,2
DA:14,2
DA:16,1
DA:27,1
DA:37,1
DA:51,1
DA:52,1
DA:54,1
DA:55,0
DA:57,1
DA:62,1
DA:63,1
DA:64,1
DA:65,1
DA:66,1
DA:67,0
DA:69,1
DA:70,0
DA:72,1
DA:76,1
DA:77,1
DA:79,0
DA:81,0
DA:82,0
DA:84,0
DA:85,0
DA:92,0
DA:94,0
DA:95,0
DA:102,1
DA:103,1
DA:104,1
DA:105,1
DA:108,1
DA:109,0
DA:112,1
DA:113,1
DA:114,1
DA:116,0
DA:128,0
DA:129,0
DA:132,0
DA:133,0
DA:135,0
DA:136,0
DA:141,1
DA:142,0
DA:143,0
DA:144,0
DA:147,0
DA:149,0
DA:153,1
DA:154,1
DA:155,1
DA:156,1
DA:158,1
DA:159,1
DA:161,0
DA:162,0
DA:164,0
DA:172,0
DA:174,0
DA:175,0
DA:181,1
DA:182,3
DA:183,3
DA:184,3
DA:192,2
DA:193,1
DA:194,1
DA:198,1
LF:77
LH:47
BRDA:54,0,0,0
BRDA:54,1,0,1
BRDA:54,1,1,0
BRDA:54,2,0,0
BRDA:54,2,1,0
BRDA:54,3,0,0
BRDA:54,3,1,0
BRDA:54,4,0,0
BRDA:54,4,1,0
BRDA:54,5,0,0
BRDA:54,5,1,0
BRDA:66,6,0,0
BRDA:66,7,0,1
BRDA:66,7,1,1
BRDA:66,7,2,1
BRDA:69,8,0,0
BRDA:76,9,0,1
BRDA:81,10,0,0
BRDA:108,11,0,0
BRDA:113,12,0,1
BRDA:118,13,0,0
BRDA:118,13,1,0
BRDA:119,14,0,0
BRDA:119,14,1,0
BRDA:120,15,0,0
BRDA:120,15,1,0
BRDA:121,16,0,0
BRDA:121,16,1,0
BRDA:122,17,0,0
BRDA:122,17,1,0
BRDA:123,18,0,0
BRDA:123,18,1,0
BRDA:132,19,0,0
BRDA:132,20,0,0
BRDA:132,20,1,0
BRDA:132,21,0,0
BRDA:132,21,1,0
BRDA:132,22,0,0
BRDA:132,22,1,0
BRDA:132,23,0,0
BRDA:132,23,1,0
BRDA:132,24,0,0
BRDA:132,24,1,0
BRDA:158,25,0,1
BRDA:158,26,0,1
BRDA:158,26,1,0
BRDA:192,27,0,1
BRDA:192,28,0,2
BRDA:192,28,1,1
BRDA:192,29,0,1
BRDA:192,29,1,1
BRDA:192,30,0,2
BRDA:192,30,1,1
BRDA:192,31,0,0
BRDA:192,31,1,1
BRDA:192,32,0,1
BRDA:192,32,1,1
BRF:57
BRH:18
end_of_record
